<?xml version="1.0" encoding="UTF-8"?>
<testng-results skipped="0" failed="0" total="1" passed="1">
  <reporter-output>
  </reporter-output>
  <suite name="Default suite" duration-ms="18892" started-at="2019-02-11T04:55:45Z" finished-at="2019-02-11T04:56:04Z">
    <groups>
    </groups>
    <test name="Default test" duration-ms="18892" started-at="2019-02-11T04:55:45Z" finished-at="2019-02-11T04:56:04Z">
      <class name="org.automation.signet.testcases.TC_001_SignetLogin">
        <test-method status="PASS" signature="initiateDriverInstance()[pri:0, instance:org.automation.signet.testcases.TC_001_SignetLogin@1bce4f0a]" name="initiateDriverInstance" is-config="true" duration-ms="8401" started-at="2019-02-11T10:25:45Z" finished-at="2019-02-11T10:25:53Z">
          <reporter-output>
          </reporter-output>
        </test-method> <!-- initiateDriverInstance -->
        <test-method status="PASS" signature="tc_001_login()[pri:0, instance:org.automation.signet.testcases.TC_001_SignetLogin@1bce4f0a]" name="tc_001_login" duration-ms="8153" started-at="2019-02-11T10:25:53Z" finished-at="2019-02-11T10:26:01Z">
          <reporter-output>
          </reporter-output>
        </test-method> <!-- tc_001_login -->
        <test-method status="PASS" signature="closeDriverInstance()[pri:0, instance:org.automation.signet.testcases.TC_001_SignetLogin@1bce4f0a]" name="closeDriverInstance" is-config="true" duration-ms="2313" started-at="2019-02-11T10:26:01Z" finished-at="2019-02-11T10:26:04Z">
          <reporter-output>
          </reporter-output>
        </test-method> <!-- closeDriverInstance -->
        <test-method status="PASS" signature="generateReport()[pri:0, instance:org.automation.signet.testcases.TC_001_SignetLogin@1bce4f0a]" name="generateReport" is-config="true" duration-ms="0" started-at="2019-02-11T10:26:04Z" finished-at="2019-02-11T10:26:04Z">
          <reporter-output>
          </reporter-output>
        </test-method> <!-- generateReport -->
      </class> <!-- org.automation.signet.testcases.TC_001_SignetLogin -->
    </test> <!-- Default test -->
  </suite> <!-- Default suite -->
</testng-results>
